<?xml version="1.0" encoding="UTF-8"?>
<testsuite name="pl.edu.mimuw.FractionTestV2" tests="7" skipped="0" failures="0" errors="0" timestamp="2023-04-10T09:27:29" hostname="MacBook-Pro-Ometek.local" time="0.004">
  <properties/>
  <testcase name="testDivideByZero()" classname="pl.edu.mimuw.FractionTestV2" time="0.001"/>
  <testcase name="testAdd()" classname="pl.edu.mimuw.FractionTestV2" time="0.001"/>
  <testcase name="testSubtract()" classname="pl.edu.mimuw.FractionTestV2" time="0.0"/>
  <testcase name="testToString()" classname="pl.edu.mimuw.FractionTestV2" time="0.0"/>
  <testcase name="testDivide()" classname="pl.edu.mimuw.FractionTestV2" time="0.0"/>
  <testcase name="testEquals()" classname="pl.edu.mimuw.FractionTestV2" time="0.0"/>
  <testcase name="testMultiply()" classname="pl.edu.mimuw.FractionTestV2" time="0.001"/>
  <system-out><![CDATA[]]></system-out>
  <system-err><![CDATA[]]></system-err>
</testsuite>
