<?xml version="1.0" encoding="UTF-8"?>
<testsuite name="pl.edu.mimuw.FractionTest" tests="21" skipped="0" failures="0" errors="0" timestamp="2023-04-10T09:27:29" hostname="MacBook-Pro-Ometek.local" time="0.069">
  <properties/>
  <testcase name="shouldMultiplyTwoFractions()" classname="pl.edu.mimuw.FractionTest" time="0.008"/>
  <testcase name="shouldConvertFractionToDouble()" classname="pl.edu.mimuw.FractionTest" time="0.001"/>
  <testcase name="shouldSubtractFractionFromItself()" classname="pl.edu.mimuw.FractionTest" time="0.0"/>
  <testcase name="[1] 1, 2, 1, 4, 3, 4" classname="pl.edu.mimuw.FractionTest" time="0.01"/>
  <testcase name="[2] 1, 3, 2, 3, 1, 1" classname="pl.edu.mimuw.FractionTest" time="0.001"/>
  <testcase name="[3] 2, 5, 3, 5, 1, 1" classname="pl.edu.mimuw.FractionTest" time="0.001"/>
  <testcase name="[4] -1, 2, 1, 6, -1, 3" classname="pl.edu.mimuw.FractionTest" time="0.0"/>
  <testcase name="[1] TestData[num1=1, den1=2, num2=1, den2=4, expectedNum=3, expectedDen=4]" classname="pl.edu.mimuw.FractionTest" time="0.0"/>
  <testcase name="[2] TestData[num1=1, den1=3, num2=2, den2=3, expectedNum=1, expectedDen=1]" classname="pl.edu.mimuw.FractionTest" time="0.001"/>
  <testcase name="[3] TestData[num1=2, den1=5, num2=3, den2=5, expectedNum=1, expectedDen=1]" classname="pl.edu.mimuw.FractionTest" time="0.0"/>
  <testcase name="[4] TestData[num1=-1, den1=2, num2=1, den2=6, expectedNum=-1, expectedDen=3]" classname="pl.edu.mimuw.FractionTest" time="0.0"/>
  <testcase name="shouldConvertFractionToString()" classname="pl.edu.mimuw.FractionTest" time="0.001"/>
  <testcase name="shouldThrowExceptionWhenDividingByFractionEqualToZero()" classname="pl.edu.mimuw.FractionTest" time="0.001"/>
  <testcase name="shouldTwoSameFractionsBeEqual()" classname="pl.edu.mimuw.FractionTest" time="0.0"/>
  <testcase name="shouldAddFractionToItself()" classname="pl.edu.mimuw.FractionTest" time="0.0"/>
  <testcase name="shouldThrowExceptionWhenDenominatorIsZero()" classname="pl.edu.mimuw.FractionTest" time="0.001"/>
  <testcase name="shouldDivideTwoFractions()" classname="pl.edu.mimuw.FractionTest" time="0.0"/>
  <testcase name="shouldAddTwoFractions()" classname="pl.edu.mimuw.FractionTest" time="0.0"/>
  <testcase name="shouldNegatingNumeratorAndDenominatorCancelEachOtherOut()" classname="pl.edu.mimuw.FractionTest" time="0.0"/>
  <testcase name="shouldSubtractTwoFractions()" classname="pl.edu.mimuw.FractionTest" time="0.0"/>
  <testcase name="shouldTwoDifferentFractionsNotBeEqual()" classname="pl.edu.mimuw.FractionTest" time="0.001"/>
  <system-out><![CDATA[]]></system-out>
  <system-err><![CDATA[]]></system-err>
</testsuite>
