<?xml version="1.0" encoding="UTF-8"?>
<testsuite name="pl.edu.mimuw.TestFilterableList" tests="2" skipped="0" failures="0" errors="0" timestamp="2023-05-10T12:47:48" hostname="MacBook-Pro-Ometek.local" time="0.012">
  <properties/>
  <testcase name="shouldSieve()" classname="pl.edu.mimuw.TestFilterableList" time="0.011"/>
  <testcase name="shouldPositive()" classname="pl.edu.mimuw.TestFilterableList" time="0.001"/>
  <system-out><![CDATA[]]></system-out>
  <system-err><![CDATA[]]></system-err>
</testsuite>
