<?xml version="1.0" encoding="UTF-8"?>
<testsuite name="pl.edu.mimuw.TestException" tests="4" skipped="0" failures="0" errors="0" timestamp="2023-05-31T12:26:46" hostname="MacBook-Pro-Ometek.local" time="0.004">
  <properties/>
  <testcase name="shouldThrowNegativeSquareRoot()" classname="pl.edu.mimuw.TestException" time="0.003"/>
  <testcase name="shouldThrowZeroModulo()" classname="pl.edu.mimuw.TestException" time="0.0"/>
  <testcase name="shouldThrowNegativePower()" classname="pl.edu.mimuw.TestException" time="0.0"/>
  <testcase name="shouldThrowZeroDivision()" classname="pl.edu.mimuw.TestException" time="0.0"/>
  <system-out><![CDATA[]]></system-out>
  <system-err><![CDATA[]]></system-err>
</testsuite>
