<?xml version="1.0" encoding="UTF-8"?>
<testsuite name="pl.edu.mimuw.TestBinary" tests="25" skipped="0" failures="0" errors="0" timestamp="2023-04-19T07:56:34" hostname="MacBook-Pro-Ometek.local" time="0.037">
  <properties/>
  <testcase name="[1] TestData[constant=5, variable=3, expectedValue=1]" classname="pl.edu.mimuw.TestBinary" time="0.017"/>
  <testcase name="[2] TestData[constant=6, variable=3, expectedValue=2]" classname="pl.edu.mimuw.TestBinary" time="0.001"/>
  <testcase name="[3] TestData[constant=-3, variable=2, expectedValue=-1]" classname="pl.edu.mimuw.TestBinary" time="0.0"/>
  <testcase name="[4] TestData[constant=-4, variable=-2, expectedValue=2]" classname="pl.edu.mimuw.TestBinary" time="0.0"/>
  <testcase name="[5] TestData[constant=10, variable=-6, expectedValue=-1]" classname="pl.edu.mimuw.TestBinary" time="0.0"/>
  <testcase name="[1] TestData[constant=5, variable=3, expectedValue=2]" classname="pl.edu.mimuw.TestBinary" time="0.001"/>
  <testcase name="[2] TestData[constant=0, variable=0, expectedValue=0]" classname="pl.edu.mimuw.TestBinary" time="0.0"/>
  <testcase name="[3] TestData[constant=-3, variable=2, expectedValue=-5]" classname="pl.edu.mimuw.TestBinary" time="0.0"/>
  <testcase name="[4] TestData[constant=-4, variable=-2, expectedValue=-2]" classname="pl.edu.mimuw.TestBinary" time="0.001"/>
  <testcase name="[5] TestData[constant=10, variable=-6, expectedValue=16]" classname="pl.edu.mimuw.TestBinary" time="0.0"/>
  <testcase name="[1] TestData[constant=5, variable=3, expectedValue=15]" classname="pl.edu.mimuw.TestBinary" time="0.001"/>
  <testcase name="[2] TestData[constant=0, variable=0, expectedValue=0]" classname="pl.edu.mimuw.TestBinary" time="0.0"/>
  <testcase name="[3] TestData[constant=-3, variable=2, expectedValue=-6]" classname="pl.edu.mimuw.TestBinary" time="0.0"/>
  <testcase name="[4] TestData[constant=-4, variable=-2, expectedValue=8]" classname="pl.edu.mimuw.TestBinary" time="0.0"/>
  <testcase name="[5] TestData[constant=10, variable=-6, expectedValue=-60]" classname="pl.edu.mimuw.TestBinary" time="0.0"/>
  <testcase name="[1] TestData[constant=5, variable=0, expectedValue=1]" classname="pl.edu.mimuw.TestBinary" time="0.0"/>
  <testcase name="[2] TestData[constant=6, variable=4, expectedValue=1296]" classname="pl.edu.mimuw.TestBinary" time="0.001"/>
  <testcase name="[3] TestData[constant=-3, variable=2, expectedValue=9]" classname="pl.edu.mimuw.TestBinary" time="0.0"/>
  <testcase name="[4] TestData[constant=2, variable=10, expectedValue=1024]" classname="pl.edu.mimuw.TestBinary" time="0.0"/>
  <testcase name="[5] TestData[constant=2, variable=30, expectedValue=1073741824]" classname="pl.edu.mimuw.TestBinary" time="0.0"/>
  <testcase name="[1] TestData[constant=5, variable=3, expectedValue=8]" classname="pl.edu.mimuw.TestBinary" time="0.0"/>
  <testcase name="[2] TestData[constant=0, variable=0, expectedValue=0]" classname="pl.edu.mimuw.TestBinary" time="0.0"/>
  <testcase name="[3] TestData[constant=-3, variable=2, expectedValue=-1]" classname="pl.edu.mimuw.TestBinary" time="0.0"/>
  <testcase name="[4] TestData[constant=-4, variable=-2, expectedValue=-6]" classname="pl.edu.mimuw.TestBinary" time="0.0"/>
  <testcase name="[5] TestData[constant=10, variable=-6, expectedValue=4]" classname="pl.edu.mimuw.TestBinary" time="0.0"/>
  <system-out><![CDATA[]]></system-out>
  <system-err><![CDATA[]]></system-err>
</testsuite>
