<?xml version="1.0" encoding="UTF-8"?>
<testsuite name="pl.edu.mimuw.instructions.TestRecursion" tests="1" skipped="0" failures="0" errors="0" timestamp="2023-06-14T20:10:38" hostname="MacBook-Pro-Ometek.local" time="0.002">
  <properties/>
  <testcase name="shouldFibonacci()" classname="pl.edu.mimuw.instructions.TestRecursion" time="0.002"/>
  <system-out><![CDATA[]]></system-out>
  <system-err><![CDATA[]]></system-err>
</testsuite>
