<?xml version="1.0" encoding="UTF-8"?>
<testsuite name="pl.edu.mimuw.Rozwiazania4CollectTrudne" tests="6" skipped="0" failures="0" errors="0" timestamp="2023-05-31T13:01:10" hostname="MacBook-Pro-Ometek.local" time="0.002">
  <properties/>
  <testcase name="mapaLiteraLiczba()" classname="pl.edu.mimuw.Rozwiazania4CollectTrudne" time="0.0"/>
  <testcase name="mapaLiteraNajdłuższe()" classname="pl.edu.mimuw.Rozwiazania4CollectTrudne" time="0.0"/>
  <testcase name="samochodyZDodatkami()" classname="pl.edu.mimuw.Rozwiazania4CollectTrudne" time="0.0"/>
  <testcase name="sortByCount2()" classname="pl.edu.mimuw.Rozwiazania4CollectTrudne" time="0.0"/>
  <testcase name="sortByCount()" classname="pl.edu.mimuw.Rozwiazania4CollectTrudne" time="0.0"/>
  <testcase name="maksDzielnikow()" classname="pl.edu.mimuw.Rozwiazania4CollectTrudne" time="0.0"/>
  <system-out><![CDATA[]]></system-out>
  <system-err><![CDATA[]]></system-err>
</testsuite>
