<?xml version="1.0" encoding="UTF-8"?>
<testsuite name="pl.edu.mimuw.Rozwiazania3Collect" tests="3" skipped="0" failures="0" errors="0" timestamp="2023-05-31T13:01:10" hostname="MacBook-Pro-Ometek.local" time="0.001">
  <properties/>
  <testcase name="statystyki4()" classname="pl.edu.mimuw.Rozwiazania3Collect" time="0.0"/>
  <testcase name="napis()" classname="pl.edu.mimuw.Rozwiazania3Collect" time="0.0"/>
  <testcase name="linkedHashSet()" classname="pl.edu.mimuw.Rozwiazania3Collect" time="0.0"/>
  <system-out><![CDATA[]]></system-out>
  <system-err><![CDATA[]]></system-err>
</testsuite>
