<?xml version="1.0" encoding="UTF-8"?>
<testsuite name="pl.edu.mimuw.Przyklady3Collect" tests="1" skipped="0" failures="0" errors="0" timestamp="2023-05-31T13:01:10" hostname="MacBook-Pro-Ometek.local" time="0.005">
  <properties/>
  <testcase name="collect1()" classname="pl.edu.mimuw.Przyklady3Collect" time="0.005"/>
  <system-out><![CDATA[Wersja rozpisana: 
[1, 2, 3, 4, 5, 6, 7, 8, 9]
Wersja z referencjami metod: 
[1, 2, 3, 4, 5, 6, 7, 8, 9]

A teraz po kolei...
[1, 2, 3, 4, 5, 6, 7, 8, 9]
Nowa zlewka: []
Dolewanie: [] ← 1  ⟹  [1]
Dolewanie: [1] ← 2  ⟹  [1, 2]
Dolewanie: [1, 2] ← 3  ⟹  [1, 2, 3]
Dolewanie: [1, 2, 3] ← 4  ⟹  [1, 2, 3, 4]
Dolewanie: [1, 2, 3, 4] ← 5  ⟹  [1, 2, 3, 4, 5]
Dolewanie: [1, 2, 3, 4, 5] ← 6  ⟹  [1, 2, 3, 4, 5, 6]
Dolewanie: [1, 2, 3, 4, 5, 6] ← 7  ⟹  [1, 2, 3, 4, 5, 6, 7]
Dolewanie: [1, 2, 3, 4, 5, 6, 7] ← 8  ⟹  [1, 2, 3, 4, 5, 6, 7, 8]
Dolewanie: [1, 2, 3, 4, 5, 6, 7, 8] ← 9  ⟹  [1, 2, 3, 4, 5, 6, 7, 8, 9]
Finał:
[1, 2, 3, 4, 5, 6, 7, 8, 9]

Jeszcze raz, zrównoleglone...
[1, 2, 3, 4, 5, 6, 7, 8, 9]
Nowa zlewka: []
40,41,42,Nowa zlewka: []
15,59,Nowa zlewka: []
7,8,6,10,11,9,21,22,23,24,19,20,13,14,12,16,17,97,98,99,100,94,Nowa zlewka: []
44,45,43,48,49,46,47,28,29,30,26,27,25,Nowa zlewka: []
32,33,Nowa zlewka: []
3,4,5,1,2,0,18,34,31,53,54,55,51,52,50,75,Nowa zlewka: []
Dolewanie: [] ← 8  ⟹  [8]
Dolewanie: [] ← 4  ⟹  [4]
Dolewanie: [] ← 5  ⟹  [5]
37,Nowa zlewka: []
Dolewanie: [] ← 9  ⟹  [9]
35,36,91,92,93,89,90,88,95,96,Nowa zlewka: []
Dolewanie: [] ← 3  ⟹  [3]
Dolewanie: [] ← 1  ⟹  [1]
Dolewanie: [] ← 6  ⟹  [6]
Zlewanie:  [5] ← [6]  ⟹  [5, 6]
Zlewanie:  [3] ← [4]  ⟹  [3, 4]
Zlewanie:  [8] ← [9]  ⟹  [8, 9]
Dolewanie: [] ← 7  ⟹  [7]
Dolewanie: [] ← 2  ⟹  [2]
Zlewanie:  [7] ← [8, 9]  ⟹  [7, 8, 9]
Zlewanie:  [1] ← [2]  ⟹  [1, 2]
Zlewanie:  [1, 2] ← [3, 4]  ⟹  [1, 2, 3, 4]
Zlewanie:  [5, 6] ← [7, 8, 9]  ⟹  [5, 6, 7, 8, 9]
Zlewanie:  [1, 2, 3, 4] ← [5, 6, 7, 8, 9]  ⟹  [1, 2, 3, 4, 5, 6, 7, 8, 9]
Finał:
[1, 2, 3, 4, 5, 6, 7, 8, 9]
]]></system-out>
  <system-err><![CDATA[]]></system-err>
</testsuite>
