<?xml version="1.0" encoding="UTF-8"?>
<testsuite name="pl.edu.mimuw.Rozwiazania1Trudniejsze" tests="3" skipped="0" failures="0" errors="0" timestamp="2023-05-31T13:01:10" hostname="MacBook-Pro-Ometek.local" time="0.0">
  <properties/>
  <testcase name="cennikSamochodowZDodatkamiMapMulti()" classname="pl.edu.mimuw.Rozwiazania1Trudniejsze" time="0.0"/>
  <testcase name="cennikSamochodowZDodatkami()" classname="pl.edu.mimuw.Rozwiazania1Trudniejsze" time="0.0"/>
  <testcase name="strumienLiniiNaStrumienSlowZNowymiLiniami()" classname="pl.edu.mimuw.Rozwiazania1Trudniejsze" time="0.0"/>
  <system-out><![CDATA[]]></system-out>
  <system-err><![CDATA[]]></system-err>
</testsuite>
