<?xml version="1.0" encoding="UTF-8"?>
<testsuite name="pl.edu.mimuw.Rozwiazania0Proste" tests="9" skipped="0" failures="0" errors="0" timestamp="2023-05-31T13:01:10" hostname="MacBook-Pro-Ometek.local" time="0.008">
  <properties/>
  <testcase name="niepustaLiniaZawierajacaA()" classname="pl.edu.mimuw.Rozwiazania0Proste" time="0.001"/>
  <testcase name="kwadraty()" classname="pl.edu.mimuw.Rozwiazania0Proste" time="0.001"/>
  <testcase name="liczbaSłówWPliku()" classname="pl.edu.mimuw.Rozwiazania0Proste" time="0.0"/>
  <testcase name="samochodyPięciodrzwiowe()" classname="pl.edu.mimuw.Rozwiazania0Proste" time="0.0"/>
  <testcase name="fiby()" classname="pl.edu.mimuw.Rozwiazania0Proste" time="0.003"/>
  <testcase name="potegiDwojki()" classname="pl.edu.mimuw.Rozwiazania0Proste" time="0.0"/>
  <testcase name="sześciany()" classname="pl.edu.mimuw.Rozwiazania0Proste" time="0.0"/>
  <testcase name="najdłuższaLiniaZawierającaA()" classname="pl.edu.mimuw.Rozwiazania0Proste" time="0.0"/>
  <testcase name="statystykiSinusów()" classname="pl.edu.mimuw.Rozwiazania0Proste" time="0.0"/>
  <system-out><![CDATA[1
4
9
16
25
36
49
64
81
100
121
144
169
196
225
256
289
324
361
400
441
484
529
576
625
676
729
784
841
900
961
144
233
377
610
987
1597
2584
4181
6765
10946
2
4
8
16
32
64
128
256
512
1024
2048
4096
8192
16384
32768
65536
131072
262144
524288
1048576
1331
1728
2197
2744
3375
4096
4913
5832
6859
8000
9261
]]></system-out>
  <system-err><![CDATA[]]></system-err>
</testsuite>
