<?xml version="1.0" encoding="UTF-8"?>
<testsuite name="pl.edu.mimuw.Rozwiazania2Reduce" tests="4" skipped="0" failures="0" errors="0" timestamp="2023-05-31T13:01:10" hostname="MacBook-Pro-Ometek.local" time="0.001">
  <properties/>
  <testcase name="statystyki0()" classname="pl.edu.mimuw.Rozwiazania2Reduce" time="0.0"/>
  <testcase name="statystyki1()" classname="pl.edu.mimuw.Rozwiazania2Reduce" time="0.0"/>
  <testcase name="statystyki2()" classname="pl.edu.mimuw.Rozwiazania2Reduce" time="0.0"/>
  <testcase name="statystyki3()" classname="pl.edu.mimuw.Rozwiazania2Reduce" time="0.0"/>
  <system-out><![CDATA[]]></system-out>
  <system-err><![CDATA[]]></system-err>
</testsuite>
