<?xml version="1.0" encoding="UTF-8"?>
<testsuite name="pl.edu.mimuw.TestException" tests="3" skipped="0" failures="0" errors="0" timestamp="2023-04-24T14:56:06" hostname="MacBook-Pro-Ometek.local" time="0.02">
  <properties/>
  <testcase name="[1] TestData[expression=3 0]" classname="pl.edu.mimuw.TestException" time="0.016"/>
  <testcase name="[2] TestData[expression=3 .]" classname="pl.edu.mimuw.TestException" time="0.001"/>
  <testcase name="shouldThrowZeroDivision()" classname="pl.edu.mimuw.TestException" time="0.001"/>
  <system-out><![CDATA[]]></system-out>
  <system-err><![CDATA[]]></system-err>
</testsuite>
