<?xml version="1.0" encoding="UTF-8"?>
<testsuite name="pl.edu.mimuw.TestValid" tests="4" skipped="0" failures="0" errors="0" timestamp="2023-04-24T14:56:06" hostname="MacBook-Pro-Ometek.local" time="0.004">
  <properties/>
  <testcase name="[1] TestData[expression=2 3 + 5 *, expectedValue=25]" classname="pl.edu.mimuw.TestValid" time="0.001"/>
  <testcase name="[2] TestData[expression=2 1 + 3 *, expectedValue=9]" classname="pl.edu.mimuw.TestValid" time="0.0"/>
  <testcase name="[3] TestData[expression=4 13 5 / +, expectedValue=6]" classname="pl.edu.mimuw.TestValid" time="0.0"/>
  <testcase name="[4] TestData[expression=10 6 9 3 + -11 * / * 17 + 5 +, expectedValue=22]" classname="pl.edu.mimuw.TestValid" time="0.0"/>
  <system-out><![CDATA[]]></system-out>
  <system-err><![CDATA[]]></system-err>
</testsuite>
