<?xml version="1.0" encoding="UTF-8"?>
<testsuite name="pl.edu.mimuw.TestMultiSet" tests="10" skipped="0" failures="0" errors="0" timestamp="2023-05-28T17:05:18" hostname="MBP-Ometek" time="0.015">
  <properties/>
  <testcase name="testRetainAll()" classname="pl.edu.mimuw.TestMultiSet" time="0.008"/>
  <testcase name="shouldAddAndSize()" classname="pl.edu.mimuw.TestMultiSet" time="0.0"/>
  <testcase name="testContainsAll()" classname="pl.edu.mimuw.TestMultiSet" time="0.0"/>
  <testcase name="testContains()" classname="pl.edu.mimuw.TestMultiSet" time="0.001"/>
  <testcase name="testAddAll()" classname="pl.edu.mimuw.TestMultiSet" time="0.0"/>
  <testcase name="testToArrayNoSize()" classname="pl.edu.mimuw.TestMultiSet" time="0.0"/>
  <testcase name="testToArrayObject()" classname="pl.edu.mimuw.TestMultiSet" time="0.0"/>
  <testcase name="testRemove()" classname="pl.edu.mimuw.TestMultiSet" time="0.001"/>
  <testcase name="testRemoveAll()" classname="pl.edu.mimuw.TestMultiSet" time="0.0"/>
  <testcase name="testClearAndIsEmpty()" classname="pl.edu.mimuw.TestMultiSet" time="0.001"/>
  <system-out><![CDATA[]]></system-out>
  <system-err><![CDATA[]]></system-err>
</testsuite>
